<?xml version="1.0" encoding="UTF-8"?>
<testng-results ignored="0" total="2" passed="2" failed="0" skipped="0">
  <reporter-output>
  </reporter-output>
  <suite started-at="2021-05-09T15:54:26 IST" name="Suite" finished-at="2021-05-09T15:54:26 IST" duration-ms="67">
    <groups>
    </groups>
    <test started-at="2021-05-09T15:54:26 IST" name="Test" finished-at="2021-05-09T15:54:26 IST" duration-ms="67">
      <class name="com.sample.productTest.Closuretest">
        <test-method signature="testing()[pri:0, instance:com.sample.productTest.Closuretest@15b204a1]" started-at="2021-05-09T15:54:26 IST" name="testing" finished-at="2021-05-09T15:54:26 IST" duration-ms="12" status="PASS">
          <reporter-output>
          </reporter-output>
        </test-method> <!-- testing -->
      </class> <!-- com.sample.productTest.Closuretest -->
      <class name="com.sample.productTest.Classictest">
        <test-method signature="testing()[pri:0, instance:com.sample.productTest.Classictest@77167fb7]" started-at="2021-05-09T15:54:26 IST" name="testing" finished-at="2021-05-09T15:54:26 IST" duration-ms="2" status="PASS">
          <reporter-output>
          </reporter-output>
        </test-method> <!-- testing -->
      </class> <!-- com.sample.productTest.Classictest -->
    </test> <!-- Test -->
  </suite> <!-- Suite -->
</testng-results>
